TN:
SF:server.js
FN:30,(anonymous_0)
FN:37,(anonymous_1)
FNF:2
FNH:0
FNDA:0,(anonymous_0)
FNDA:0,(anonymous_1)
DA:2,4
DA:14,4
DA:15,4
DA:17,4
DA:19,4
DA:20,4
DA:23,4
DA:26,4
DA:27,4
DA:30,4
DA:31,0
DA:34,4
DA:36,4
DA:37,0
DA:38,0
LF:15
LH:12
BRDA:36,0,0,0
BRDA:36,0,1,4
BRF:2
BRH:1
end_of_record
TN:
SF:middleware\auth.js
FN:3,authenticateToken
FN:9,(anonymous_1)
FN:16,authorizeAdmin
FNF:3
FNH:3
FNDA:20,authenticateToken
FNDA:18,(anonymous_1)
FNDA:3,authorizeAdmin
DA:4,20
DA:5,20
DA:7,20
DA:9,18
DA:10,18
DA:11,14
DA:12,14
DA:17,3
DA:18,2
DA:20,1
LF:10
LH:10
BRDA:5,0,0,20
BRDA:5,0,1,18
BRDA:7,1,0,2
BRDA:7,1,1,18
BRDA:10,2,0,4
BRDA:10,2,1,14
BRDA:17,3,0,2
BRDA:17,3,1,1
BRF:8
BRH:8
end_of_record
TN:
SF:routes\accounts.routes.js
FN:11,(anonymous_0)
FN:62,(anonymous_1)
FN:149,(anonymous_2)
FN:197,(anonymous_3)
FNF:4
FNH:4
FNDA:7,(anonymous_0)
FNDA:2,(anonymous_1)
FNDA:2,(anonymous_2)
FNDA:1,(anonymous_3)
DA:6,4
DA:11,4
DA:12,7
DA:13,7
DA:14,7
DA:16,7
DA:17,3
DA:20,4
DA:21,0
DA:24,4
DA:25,1
DA:28,3
DA:33,3
DA:34,0
DA:37,3
DA:39,3
DA:47,3
DA:54,0
DA:55,0
DA:62,4
DA:63,2
DA:64,2
DA:66,2
DA:67,1
DA:70,1
DA:72,1
DA:77,1
DA:78,0
DA:81,1
DA:82,0
DA:85,1
DA:87,1
DA:92,1
DA:94,1
DA:95,0
DA:98,1
DA:106,1
DA:107,0
DA:110,1
DA:112,1
DA:113,0
DA:116,1
DA:121,1
DA:126,1
DA:132,1
DA:138,1
DA:139,1
DA:141,0
DA:142,0
DA:149,4
DA:150,2
DA:151,2
DA:153,2
DA:154,1
DA:157,1
DA:158,1
DA:163,1
DA:164,0
DA:167,1
DA:169,1
DA:170,0
DA:173,1
DA:178,1
DA:184,1
DA:186,0
DA:193,4
DA:198,1
DA:200,1
DA:201,1
DA:206,1
DA:207,1
DA:210,0
DA:212,0
DA:217,0
DA:218,0
DA:219,0
DA:222,0
DA:225,0
DA:227,0
DA:229,0
LF:80
LH:57
BRDA:16,0,0,3
BRDA:16,0,1,4
BRDA:20,1,0,0
BRDA:20,1,1,4
BRDA:24,2,0,1
BRDA:24,2,1,3
BRDA:33,3,0,0
BRDA:33,3,1,3
BRDA:66,4,0,1
BRDA:66,4,1,1
BRDA:66,5,0,2
BRDA:66,5,1,2
BRDA:77,6,0,0
BRDA:77,6,1,1
BRDA:81,7,0,0
BRDA:81,7,1,1
BRDA:94,8,0,0
BRDA:94,8,1,1
BRDA:106,9,0,0
BRDA:106,9,1,1
BRDA:112,10,0,0
BRDA:112,10,1,1
BRDA:153,11,0,1
BRDA:153,11,1,1
BRDA:163,12,0,0
BRDA:163,12,1,1
BRDA:169,13,0,0
BRDA:169,13,1,1
BRDA:169,14,0,1
BRDA:169,14,1,1
BRDA:206,15,0,1
BRDA:206,15,1,0
BRDA:217,16,0,0
BRDA:217,16,1,0
BRF:34
BRH:22
end_of_record
TN:
SF:routes\auth.routes.js
FN:11,(anonymous_0)
FN:55,(anonymous_1)
FNF:2
FNH:2
FNDA:24,(anonymous_0)
FNDA:11,(anonymous_1)
DA:6,4
DA:11,4
DA:12,24
DA:14,24
DA:15,6
DA:18,18
DA:19,18
DA:24,18
DA:25,2
DA:28,16
DA:29,16
DA:31,16
DA:32,1
DA:35,15
DA:41,15
DA:47,0
DA:48,0
DA:55,4
DA:57,11
DA:59,11
DA:67,0
DA:70,11
DA:71,0
DA:74,11
DA:75,11
DA:80,11
DA:81,2
DA:84,9
DA:85,9
DA:87,9
DA:96,9
DA:100,9
DA:102,0
DA:103,0
LF:34
LH:28
BRDA:14,0,0,6
BRDA:14,0,1,18
BRDA:14,1,0,24
BRDA:14,1,1,19
BRDA:24,2,0,2
BRDA:24,2,1,16
BRDA:31,3,0,1
BRDA:31,3,1,15
BRDA:59,4,0,0
BRDA:59,4,1,11
BRDA:60,5,0,11
BRDA:60,5,1,11
BRDA:60,5,2,11
BRDA:60,5,3,11
BRDA:60,5,4,11
BRDA:60,5,5,11
BRDA:70,6,0,0
BRDA:70,6,1,11
BRDA:80,7,0,2
BRDA:80,7,1,9
BRF:20
BRH:18
end_of_record
TN:
SF:utils\jwt.js
FN:5,signToken
FN:11,verifyToken
FNF:2
FNH:2
FNDA:2,signToken
FNDA:1,verifyToken
DA:3,1
DA:6,2
DA:12,1
LF:3
LH:3
BRF:0
BRH:0
end_of_record
